<?xml version="1.0" encoding="UTF-8"?>
<testsuite xmlns:xsi="http://www.w3.org/2001/XMLSchema-instance" xsi:noNamespaceSchemaLocation="https://maven.apache.org/surefire/maven-surefire-plugin/xsd/surefire-test-report-3.0.xsd" version="3.0" name="ecommerce2.servidor.ProdutoTest" time="0.063" tests="10" errors="0" skipped="0" failures="0">
  <properties>
    <property name="java.specification.version" value="14"/>
    <property name="sun.jnu.encoding" value="UTF-8"/>
    <property name="java.class.path" value="/home/f4nt0/Documents/GIT/t1-projarq/project/target/test-classes:/home/f4nt0/Documents/GIT/t1-projarq/project/target/classes:/home/f4nt0/.m2/repository/org/junit/jupiter/junit-jupiter-api/5.6.2/junit-jupiter-api-5.6.2.jar:/home/f4nt0/.m2/repository/org/apiguardian/apiguardian-api/1.1.0/apiguardian-api-1.1.0.jar:/home/f4nt0/.m2/repository/org/opentest4j/opentest4j/1.2.0/opentest4j-1.2.0.jar:/home/f4nt0/.m2/repository/org/junit/platform/junit-platform-commons/1.6.2/junit-platform-commons-1.6.2.jar:/home/f4nt0/.m2/repository/org/junit/jupiter/junit-jupiter-engine/5.6.2/junit-jupiter-engine-5.6.2.jar:/home/f4nt0/.m2/repository/org/junit/platform/junit-platform-engine/1.6.2/junit-platform-engine-1.6.2.jar:/home/f4nt0/.m2/repository/mysql/mysql-connector-java/8.0.22/mysql-connector-java-8.0.22.jar:/home/f4nt0/.m2/repository/com/google/protobuf/protobuf-java/3.11.4/protobuf-java-3.11.4.jar:"/>
    <property name="java.vm.vendor" value="Oracle Corporation"/>
    <property name="sun.arch.data.model" value="64"/>
    <property name="java.vendor.url" value="https://java.oracle.com/"/>
    <property name="user.country.format" value="BR"/>
    <property name="os.name" value="Linux"/>
    <property name="java.vm.specification.version" value="14"/>
    <property name="sun.java.launcher" value="SUN_STANDARD"/>
    <property name="user.country" value="US"/>
    <property name="sun.boot.library.path" value="/usr/lib/jvm/java-14-oracle/lib"/>
    <property name="sun.java.command" value="/home/f4nt0/Documents/GIT/t1-projarq/project/target/surefire/surefirebooter8978441052079215085.jar /home/f4nt0/Documents/GIT/t1-projarq/project/target/surefire 2020-11-29T15-31-50_814-jvmRun1 surefire5035762369744660721tmp surefire_02695010927436136757tmp"/>
    <property name="jdk.debug" value="release"/>
    <property name="surefire.test.class.path" value="/home/f4nt0/Documents/GIT/t1-projarq/project/target/test-classes:/home/f4nt0/Documents/GIT/t1-projarq/project/target/classes:/home/f4nt0/.m2/repository/org/junit/jupiter/junit-jupiter-api/5.6.2/junit-jupiter-api-5.6.2.jar:/home/f4nt0/.m2/repository/org/apiguardian/apiguardian-api/1.1.0/apiguardian-api-1.1.0.jar:/home/f4nt0/.m2/repository/org/opentest4j/opentest4j/1.2.0/opentest4j-1.2.0.jar:/home/f4nt0/.m2/repository/org/junit/platform/junit-platform-commons/1.6.2/junit-platform-commons-1.6.2.jar:/home/f4nt0/.m2/repository/org/junit/jupiter/junit-jupiter-engine/5.6.2/junit-jupiter-engine-5.6.2.jar:/home/f4nt0/.m2/repository/org/junit/platform/junit-platform-engine/1.6.2/junit-platform-engine-1.6.2.jar:/home/f4nt0/.m2/repository/mysql/mysql-connector-java/8.0.22/mysql-connector-java-8.0.22.jar:/home/f4nt0/.m2/repository/com/google/protobuf/protobuf-java/3.11.4/protobuf-java-3.11.4.jar:"/>
    <property name="sun.cpu.endian" value="little"/>
    <property name="user.home" value="/home/f4nt0"/>
    <property name="user.language" value="en"/>
    <property name="java.specification.vendor" value="Oracle Corporation"/>
    <property name="java.version.date" value="2020-07-14"/>
    <property name="java.home" value="/usr/lib/jvm/java-14-oracle"/>
    <property name="file.separator" value="/"/>
    <property name="basedir" value="/home/f4nt0/Documents/GIT/t1-projarq/project"/>
    <property name="java.vm.compressedOopsMode" value="32-bit"/>
    <property name="line.separator" value="&#10;"/>
    <property name="java.vm.specification.vendor" value="Oracle Corporation"/>
    <property name="java.specification.name" value="Java Platform API Specification"/>
    <property name="surefire.real.class.path" value="/home/f4nt0/Documents/GIT/t1-projarq/project/target/surefire/surefirebooter8978441052079215085.jar"/>
    <property name="sun.management.compiler" value="HotSpot 64-Bit Tiered Compilers"/>
    <property name="java.runtime.version" value="14.0.2+12-46"/>
    <property name="user.name" value="f4nt0"/>
    <property name="path.separator" value=":"/>
    <property name="os.version" value="5.4.0-42-generic"/>
    <property name="java.runtime.name" value="Java(TM) SE Runtime Environment"/>
    <property name="file.encoding" value="UTF-8"/>
    <property name="java.vm.name" value="Java HotSpot(TM) 64-Bit Server VM"/>
    <property name="localRepository" value="/home/f4nt0/.m2/repository"/>
    <property name="java.vendor.url.bug" value="https://bugreport.java.com/bugreport/"/>
    <property name="java.io.tmpdir" value="/tmp"/>
    <property name="java.version" value="14.0.2"/>
    <property name="user.dir" value="/home/f4nt0/Documents/GIT/t1-projarq/project"/>
    <property name="os.arch" value="amd64"/>
    <property name="java.vm.specification.name" value="Java Virtual Machine Specification"/>
    <property name="user.language.format" value="pt"/>
    <property name="java.library.path" value="/usr/java/packages/lib:/usr/lib64:/lib64:/lib:/usr/lib"/>
    <property name="java.vm.info" value="mixed mode, sharing"/>
    <property name="java.vendor" value="Oracle Corporation"/>
    <property name="java.vm.version" value="14.0.2+12-46"/>
    <property name="sun.io.unicode.encoding" value="UnicodeLittle"/>
    <property name="java.class.version" value="58.0"/>
  </properties>
  <testcase name="shouldSetIdProduct" classname="ecommerce2.servidor.ProdutoTest" time="0.005"/>
  <testcase name="shouldSetEcommerceName" classname="ecommerce2.servidor.ProdutoTest" time="0.003"/>
  <testcase name="shouldGetNameProduct" classname="ecommerce2.servidor.ProdutoTest" time="0.002"/>
  <testcase name="shouldGetPriceProduct" classname="ecommerce2.servidor.ProdutoTest" time="0.009"/>
  <testcase name="shouldGetDescriptionProduct" classname="ecommerce2.servidor.ProdutoTest" time="0.001"/>
  <testcase name="shouldSetPriceProduct" classname="ecommerce2.servidor.ProdutoTest" time="0.004"/>
  <testcase name="shouldGetEcommerceName" classname="ecommerce2.servidor.ProdutoTest" time="0.005"/>
  <testcase name="shouldSetNameProduct" classname="ecommerce2.servidor.ProdutoTest" time="0.009"/>
  <testcase name="shouldGetIdProduct" classname="ecommerce2.servidor.ProdutoTest" time="0.003"/>
  <testcase name="shouldSetDescriptionProduct" classname="ecommerce2.servidor.ProdutoTest" time="0.004"/>
</testsuite>